This file contains any messages produced by compilers while
running configure, to aid debugging if configure makes a mistake.

It was created by wavemon configure 0.7.5, which was
generated by GNU Autoconf 2.68.  Invocation command line was

  $ ./configure 

## --------- ##
## Platform. ##
## --------- ##

hostname = devuan
uname -m = x86_64
uname -r = 3.16.0-7-amd64
uname -s = Linux
uname -v = #1 SMP Debian 3.16.59-1 (2018-10-03)

/usr/bin/uname -p = unknown
/bin/uname -X     = unknown

/bin/arch              = unknown
/usr/bin/arch -k       = unknown
/usr/convex/getsysinfo = unknown
/usr/bin/hostinfo      = unknown
/bin/machine           = unknown
/usr/bin/oslevel       = unknown
/bin/universe          = unknown

PATH: /home/ocelot/perl5/bin
PATH: /home/ocelot/perl5/bin
PATH: /home/ocelot/bin
PATH: /home/ocelot/perl5/bin
PATH: /usr/local/bin
PATH: /usr/bin
PATH: /bin
PATH: /usr/local/games
PATH: /usr/games


## ----------- ##
## Core tests. ##
## ----------- ##

configure:2184: checking build system type
configure:2198: result: x86_64-unknown-linux-gnu
configure:2218: checking host system type
configure:2231: result: x86_64-unknown-linux-gnu
configure:2305: checking for gcc
configure:2321: found /usr/bin/gcc
configure:2332: result: gcc
configure:2561: checking for C compiler version
configure:2570: gcc --version >&5
gcc (Debian 4.9.2-10+deb8u1) 4.9.2
Copyright (C) 2014 Free Software Foundation, Inc.
This is free software; see the source for copying conditions.  There is NO
warranty; not even for MERCHANTABILITY or FITNESS FOR A PARTICULAR PURPOSE.

configure:2581: $? = 0
configure:2570: gcc -v >&5
Using built-in specs.
COLLECT_GCC=gcc
COLLECT_LTO_WRAPPER=/usr/lib/gcc/x86_64-linux-gnu/4.9/lto-wrapper
Target: x86_64-linux-gnu
Configured with: ../src/configure -v --with-pkgversion='Debian 4.9.2-10+deb8u1' --with-bugurl=file:///usr/share/doc/gcc-4.9/README.Bugs --enable-languages=c,c++,java,go,d,fortran,objc,obj-c++ --prefix=/usr --program-suffix=-4.9 --enable-shared --enable-linker-build-id --libexecdir=/usr/lib --without-included-gettext --enable-threads=posix --with-gxx-include-dir=/usr/include/c++/4.9 --libdir=/usr/lib --enable-nls --with-sysroot=/ --enable-clocale=gnu --enable-libstdcxx-debug --enable-libstdcxx-time=yes --enable-gnu-unique-object --disable-vtable-verify --enable-plugin --with-system-zlib --disable-browser-plugin --enable-java-awt=gtk --enable-gtk-cairo --with-java-home=/usr/lib/jvm/java-1.5.0-gcj-4.9-amd64/jre --enable-java-home --with-jvm-root-dir=/usr/lib/jvm/java-1.5.0-gcj-4.9-amd64 --with-jvm-jar-dir=/usr/lib/jvm-exports/java-1.5.0-gcj-4.9-amd64 --with-arch-directory=amd64 --with-ecj-jar=/usr/share/java/eclipse-ecj.jar --enable-objc-gc --enable-multiarch --with-arch-32=i586 --with-abi=m64 --with-multilib-list=m32,m64,mx32 --enable-multilib --with-tune=generic --enable-checking=release --build=x86_64-linux-gnu --host=x86_64-linux-gnu --target=x86_64-linux-gnu
Thread model: posix
gcc version 4.9.2 (Debian 4.9.2-10+deb8u1) 
configure:2581: $? = 0
configure:2570: gcc -V >&5
gcc: error: unrecognized command line option '-V'
gcc: fatal error: no input files
compilation terminated.
configure:2581: $? = 4
configure:2570: gcc -qversion >&5
gcc: error: unrecognized command line option '-qversion'
gcc: fatal error: no input files
compilation terminated.
configure:2581: $? = 4
configure:2601: checking whether the C compiler works
configure:2623: gcc -O2 -Wall   conftest.c  >&5
configure:2627: $? = 0
configure:2675: result: yes
configure:2678: checking for C compiler default output file name
configure:2680: result: a.out
configure:2686: checking for suffix of executables
configure:2693: gcc -o conftest -O2 -Wall   conftest.c  >&5
configure:2697: $? = 0
configure:2719: result: 
configure:2741: checking whether we are cross compiling
configure:2749: gcc -o conftest -O2 -Wall   conftest.c  >&5
configure:2753: $? = 0
configure:2760: ./conftest
configure:2764: $? = 0
configure:2779: result: no
configure:2784: checking for suffix of object files
configure:2806: gcc -c -O2 -Wall  conftest.c >&5
configure:2810: $? = 0
configure:2831: result: o
configure:2835: checking whether we are using the GNU C compiler
configure:2854: gcc -c -O2 -Wall  conftest.c >&5
configure:2854: $? = 0
configure:2863: result: yes
configure:2872: checking whether gcc accepts -g
configure:2892: gcc -c -g  conftest.c >&5
configure:2892: $? = 0
configure:2933: result: yes
configure:2950: checking for gcc option to accept ISO C89
configure:3014: gcc  -c -O2 -Wall  conftest.c >&5
configure:3014: $? = 0
configure:3027: result: none needed
configure:3052: checking how to run the C preprocessor
configure:3083: gcc -E  conftest.c
configure:3083: $? = 0
configure:3097: gcc -E  conftest.c
conftest.c:10:28: fatal error: ac_nonexistent.h: No such file or directory
 #include <ac_nonexistent.h>
                            ^
compilation terminated.
configure:3097: $? = 1
configure: failed program was:
| /* confdefs.h */
| #define PACKAGE_NAME "wavemon"
| #define PACKAGE_TARNAME "wavemon-current"
| #define PACKAGE_VERSION "0.7.5"
| #define PACKAGE_STRING "wavemon 0.7.5"
| #define PACKAGE_BUGREPORT "gerrit@erg.abdn.ac.uk"
| #define PACKAGE_URL "http://eden-feed.erg.abdn.ac.uk/wavemon"
| #define BUILD_DATE "Sun Nov 18 00:51:05 -03 2018"
| /* end confdefs.h.  */
| #include <ac_nonexistent.h>
configure:3122: result: gcc -E
configure:3142: gcc -E  conftest.c
configure:3142: $? = 0
configure:3156: gcc -E  conftest.c
conftest.c:10:28: fatal error: ac_nonexistent.h: No such file or directory
 #include <ac_nonexistent.h>
                            ^
compilation terminated.
configure:3156: $? = 1
configure: failed program was:
| /* confdefs.h */
| #define PACKAGE_NAME "wavemon"
| #define PACKAGE_TARNAME "wavemon-current"
| #define PACKAGE_VERSION "0.7.5"
| #define PACKAGE_STRING "wavemon 0.7.5"
| #define PACKAGE_BUGREPORT "gerrit@erg.abdn.ac.uk"
| #define PACKAGE_URL "http://eden-feed.erg.abdn.ac.uk/wavemon"
| #define BUILD_DATE "Sun Nov 18 00:51:05 -03 2018"
| /* end confdefs.h.  */
| #include <ac_nonexistent.h>
configure:3198: checking for a BSD-compatible install
configure:3266: result: /usr/bin/install -c
configure:3281: checking for grep that handles long lines and -e
configure:3339: result: /bin/grep
configure:3344: checking for egrep
configure:3406: result: /bin/grep -E
configure:3411: checking for ANSI C header files
configure:3431: gcc -c -O2 -Wall  conftest.c >&5
configure:3431: $? = 0
configure:3504: gcc -o conftest -O2 -Wall   conftest.c  >&5
configure:3504: $? = 0
configure:3504: ./conftest
configure:3504: $? = 0
configure:3515: result: yes
configure:3523: checking whether time.h and sys/time.h may both be included
configure:3543: gcc -c -O2 -Wall  conftest.c >&5
configure:3543: $? = 0
configure:3550: result: yes
configure:3563: checking for sys/types.h
configure:3563: gcc -c -O2 -Wall  conftest.c >&5
configure:3563: $? = 0
configure:3563: result: yes
configure:3563: checking for sys/stat.h
configure:3563: gcc -c -O2 -Wall  conftest.c >&5
configure:3563: $? = 0
configure:3563: result: yes
configure:3563: checking for stdlib.h
configure:3563: gcc -c -O2 -Wall  conftest.c >&5
configure:3563: $? = 0
configure:3563: result: yes
configure:3563: checking for string.h
configure:3563: gcc -c -O2 -Wall  conftest.c >&5
configure:3563: $? = 0
configure:3563: result: yes
configure:3563: checking for memory.h
configure:3563: gcc -c -O2 -Wall  conftest.c >&5
configure:3563: $? = 0
configure:3563: result: yes
configure:3563: checking for strings.h
configure:3563: gcc -c -O2 -Wall  conftest.c >&5
configure:3563: $? = 0
configure:3563: result: yes
configure:3563: checking for inttypes.h
configure:3563: gcc -c -O2 -Wall  conftest.c >&5
configure:3563: $? = 0
configure:3563: result: yes
configure:3563: checking for stdint.h
configure:3563: gcc -c -O2 -Wall  conftest.c >&5
configure:3563: $? = 0
configure:3563: result: yes
configure:3563: checking for unistd.h
configure:3563: gcc -c -O2 -Wall  conftest.c >&5
configure:3563: $? = 0
configure:3563: result: yes
configure:3579: checking ncurses.h usability
configure:3579: gcc -c -O2 -Wall  conftest.c >&5
configure:3579: $? = 0
configure:3579: result: yes
configure:3579: checking ncurses.h presence
configure:3579: gcc -E  conftest.c
configure:3579: $? = 0
configure:3579: result: yes
configure:3579: checking for ncurses.h
configure:3579: result: yes
configure:3579: checking fcntl.h usability
configure:3579: gcc -c -O2 -Wall  conftest.c >&5
configure:3579: $? = 0
configure:3579: result: yes
configure:3579: checking fcntl.h presence
configure:3579: gcc -E  conftest.c
configure:3579: $? = 0
configure:3579: result: yes
configure:3579: checking for fcntl.h
configure:3579: result: yes
configure:3579: checking netdb.h usability
configure:3579: gcc -c -O2 -Wall  conftest.c >&5
configure:3579: $? = 0
configure:3579: result: yes
configure:3579: checking netdb.h presence
configure:3579: gcc -E  conftest.c
configure:3579: $? = 0
configure:3579: result: yes
configure:3579: checking for netdb.h
configure:3579: result: yes
configure:3579: checking sys/ioctl.h usability
configure:3579: gcc -c -O2 -Wall  conftest.c >&5
configure:3579: $? = 0
configure:3579: result: yes
configure:3579: checking sys/ioctl.h presence
configure:3579: gcc -E  conftest.c
configure:3579: $? = 0
configure:3579: result: yes
configure:3579: checking for sys/ioctl.h
configure:3579: result: yes
configure:3579: checking sys/time.h usability
configure:3579: gcc -c -O2 -Wall  conftest.c >&5
configure:3579: $? = 0
configure:3579: result: yes
configure:3579: checking sys/time.h presence
configure:3579: gcc -E  conftest.c
configure:3579: $? = 0
configure:3579: result: yes
configure:3579: checking for sys/time.h
configure:3579: result: yes
configure:3579: checking for unistd.h
configure:3579: result: yes
configure:3579: checking net/if_arp.h usability
configure:3579: gcc -c -O2 -Wall  conftest.c >&5
configure:3579: $? = 0
configure:3579: result: yes
configure:3579: checking net/if_arp.h presence
configure:3579: gcc -E  conftest.c
configure:3579: $? = 0
configure:3579: result: yes
configure:3579: checking for net/if_arp.h
configure:3579: result: yes
configure:3579: checking netinet/ether.h usability
configure:3579: gcc -c -O2 -Wall  conftest.c >&5
configure:3579: $? = 0
configure:3579: result: yes
configure:3579: checking netinet/ether.h presence
configure:3579: gcc -E  conftest.c
configure:3579: $? = 0
configure:3579: result: yes
configure:3579: checking for netinet/ether.h
configure:3579: result: yes
configure:3579: checking net/ethernet.h usability
configure:3579: gcc -c -O2 -Wall  conftest.c >&5
configure:3579: $? = 0
configure:3579: result: yes
configure:3579: checking net/ethernet.h presence
configure:3579: gcc -E  conftest.c
configure:3579: $? = 0
configure:3579: result: yes
configure:3579: checking for net/ethernet.h
configure:3579: result: yes
configure:3597: checking for sys/socket.h
configure:3597: gcc -c -O2 -Wall  conftest.c >&5
configure:3597: $? = 0
configure:3597: result: yes
configure:3597: checking for linux/if.h
configure:3597: gcc -c -O2 -Wall  conftest.c >&5
configure:3597: $? = 0
configure:3597: result: yes
configure:3597: checking for linux/wireless.h
configure:3597: gcc -c -O2 -Wall  conftest.c >&5
configure:3597: $? = 0
configure:3597: result: yes
configure:3632: gcc -c -O2 -Wall  conftest.c >&5
configure:3632: $? = 0
configure:3641: checking for stdbool.h that conforms to C99
configure:3708: gcc -c -O2 -Wall  conftest.c >&5
conftest.c: In function 'main':
conftest.c:82:2: warning: the address of 's' will always evaluate as 'true' [-Waddress]
  bool e = &s;
  ^
conftest.c:86:10: warning: the address of 'a' will always evaluate as 'true' [-Waddress]
  return (!a + !b + !c + !d + !e + !f + !g + !h + !i + !!j + !k + !!l
          ^
conftest.c:86:15: warning: the address of 'b' will always evaluate as 'true' [-Waddress]
  return (!a + !b + !c + !d + !e + !f + !g + !h + !i + !!j + !k + !!l
               ^
conftest.c:86:20: warning: the address of 'c' will always evaluate as 'true' [-Waddress]
  return (!a + !b + !c + !d + !e + !f + !g + !h + !i + !!j + !k + !!l
                    ^
conftest.c:86:25: warning: the address of 'd' will always evaluate as 'true' [-Waddress]
  return (!a + !b + !c + !d + !e + !f + !g + !h + !i + !!j + !k + !!l
                         ^
conftest.c:86:35: warning: the address of 'f' will always evaluate as 'true' [-Waddress]
  return (!a + !b + !c + !d + !e + !f + !g + !h + !i + !!j + !k + !!l
                                   ^
conftest.c:86:40: warning: the address of 'g' will always evaluate as 'true' [-Waddress]
  return (!a + !b + !c + !d + !e + !f + !g + !h + !i + !!j + !k + !!l
                                        ^
conftest.c:86:45: warning: the address of 'h' will always evaluate as 'true' [-Waddress]
  return (!a + !b + !c + !d + !e + !f + !g + !h + !i + !!j + !k + !!l
                                             ^
conftest.c:86:50: warning: the address of 'i' will always evaluate as 'true' [-Waddress]
  return (!a + !b + !c + !d + !e + !f + !g + !h + !i + !!j + !k + !!l
                                                  ^
conftest.c:87:10: warning: the address of 'n' will always evaluate as 'true' [-Waddress]
          ^
conftest.c:87:15: warning: the address of 'o' will always evaluate as 'true' [-Waddress]
               ^
conftest.c:87:20: warning: the address of 'p' will always evaluate as 'true' [-Waddress]
                    ^
configure:3708: $? = 0
configure:3715: result: yes
configure:3717: checking for _Bool
configure:3717: gcc -c -O2 -Wall  conftest.c >&5
configure:3717: $? = 0
configure:3717: gcc -c -O2 -Wall  conftest.c >&5
conftest.c: In function 'main':
conftest.c:69:20: error: expected expression before ')' token
 if (sizeof ((_Bool)))
                    ^
configure:3717: $? = 1
configure: failed program was:
| /* confdefs.h */
| #define PACKAGE_NAME "wavemon"
| #define PACKAGE_TARNAME "wavemon-current"
| #define PACKAGE_VERSION "0.7.5"
| #define PACKAGE_STRING "wavemon 0.7.5"
| #define PACKAGE_BUGREPORT "gerrit@erg.abdn.ac.uk"
| #define PACKAGE_URL "http://eden-feed.erg.abdn.ac.uk/wavemon"
| #define BUILD_DATE "Sun Nov 18 00:51:05 -03 2018"
| #define STDC_HEADERS 1
| #define TIME_WITH_SYS_TIME 1
| #define HAVE_SYS_TYPES_H 1
| #define HAVE_SYS_STAT_H 1
| #define HAVE_STDLIB_H 1
| #define HAVE_STRING_H 1
| #define HAVE_MEMORY_H 1
| #define HAVE_STRINGS_H 1
| #define HAVE_INTTYPES_H 1
| #define HAVE_STDINT_H 1
| #define HAVE_UNISTD_H 1
| #define HAVE_NCURSES_H 1
| #define HAVE_FCNTL_H 1
| #define HAVE_NETDB_H 1
| #define HAVE_SYS_IOCTL_H 1
| #define HAVE_SYS_TIME_H 1
| #define HAVE_UNISTD_H 1
| #define HAVE_NET_IF_ARP_H 1
| #define HAVE_NETINET_ETHER_H 1
| #define HAVE_NET_ETHERNET_H 1
| #define HAVE_SYS_SOCKET_H 1
| #define HAVE_LINUX_IF_H 1
| #define HAVE_LINUX_WIRELESS_H 1
| /* end confdefs.h.  */
| #include <stdio.h>
| #ifdef HAVE_SYS_TYPES_H
| # include <sys/types.h>
| #endif
| #ifdef HAVE_SYS_STAT_H
| # include <sys/stat.h>
| #endif
| #ifdef STDC_HEADERS
| # include <stdlib.h>
| # include <stddef.h>
| #else
| # ifdef HAVE_STDLIB_H
| #  include <stdlib.h>
| # endif
| #endif
| #ifdef HAVE_STRING_H
| # if !defined STDC_HEADERS && defined HAVE_MEMORY_H
| #  include <memory.h>
| # endif
| # include <string.h>
| #endif
| #ifdef HAVE_STRINGS_H
| # include <strings.h>
| #endif
| #ifdef HAVE_INTTYPES_H
| # include <inttypes.h>
| #endif
| #ifdef HAVE_STDINT_H
| # include <stdint.h>
| #endif
| #ifdef HAVE_UNISTD_H
| # include <unistd.h>
| #endif
| int
| main ()
| {
| if (sizeof ((_Bool)))
| 	    return 0;
|   ;
|   return 0;
| }
configure:3717: result: yes
configure:3735: checking for pow in -lm
configure:3760: gcc -o conftest -O2 -Wall   conftest.c -lm   >&5
conftest.c:42:6: warning: conflicting types for built-in function 'pow'
 char pow ();
      ^
configure:3760: $? = 0
configure:3769: result: yes
configure:3780: checking for waddstr in -lncurses
configure:3805: gcc -o conftest -O2 -Wall   conftest.c -lncurses  -lm  >&5
configure:3805: $? = 0
configure:3814: result: yes
configure:3825: checking for cap_get_flag in -lcap
configure:3850: gcc -o conftest -O2 -Wall   conftest.c -lcap  -lncurses -lm  >&5
/usr/bin/ld: cannot find -lcap
collect2: error: ld returned 1 exit status
configure:3850: $? = 1
configure: failed program was:
| /* confdefs.h */
| #define PACKAGE_NAME "wavemon"
| #define PACKAGE_TARNAME "wavemon-current"
| #define PACKAGE_VERSION "0.7.5"
| #define PACKAGE_STRING "wavemon 0.7.5"
| #define PACKAGE_BUGREPORT "gerrit@erg.abdn.ac.uk"
| #define PACKAGE_URL "http://eden-feed.erg.abdn.ac.uk/wavemon"
| #define BUILD_DATE "Sun Nov 18 00:51:05 -03 2018"
| #define STDC_HEADERS 1
| #define TIME_WITH_SYS_TIME 1
| #define HAVE_SYS_TYPES_H 1
| #define HAVE_SYS_STAT_H 1
| #define HAVE_STDLIB_H 1
| #define HAVE_STRING_H 1
| #define HAVE_MEMORY_H 1
| #define HAVE_STRINGS_H 1
| #define HAVE_INTTYPES_H 1
| #define HAVE_STDINT_H 1
| #define HAVE_UNISTD_H 1
| #define HAVE_NCURSES_H 1
| #define HAVE_FCNTL_H 1
| #define HAVE_NETDB_H 1
| #define HAVE_SYS_IOCTL_H 1
| #define HAVE_SYS_TIME_H 1
| #define HAVE_UNISTD_H 1
| #define HAVE_NET_IF_ARP_H 1
| #define HAVE_NETINET_ETHER_H 1
| #define HAVE_NET_ETHERNET_H 1
| #define HAVE_SYS_SOCKET_H 1
| #define HAVE_LINUX_IF_H 1
| #define HAVE_LINUX_WIRELESS_H 1
| #define HAVE__BOOL 1
| #define HAVE_STDBOOL_H 1
| #define HAVE_LIBM 1
| #define HAVE_LIBNCURSES 1
| /* end confdefs.h.  */
| 
| /* Override any GCC internal prototype to avoid an error.
|    Use char because int might match the return type of a GCC
|    builtin and then its argument prototype would still apply.  */
| #ifdef __cplusplus
| extern "C"
| #endif
| char cap_get_flag ();
| int
| main ()
| {
| return cap_get_flag ();
|   ;
|   return 0;
| }
configure:3859: result: no
configure:3881: checking for modf
configure:3881: gcc -o conftest -O2 -Wall   conftest.c -lncurses -lm  >&5
conftest.c:60:6: warning: conflicting types for built-in function 'modf'
 char modf ();
      ^
configure:3881: $? = 0
configure:3881: result: yes
configure:3881: checking for log10
configure:3881: gcc -o conftest -O2 -Wall   conftest.c -lncurses -lm  >&5
conftest.c:61:6: warning: conflicting types for built-in function 'log10'
 char log10 ();
      ^
configure:3881: $? = 0
configure:3881: result: yes
configure:3881: checking for gettimeofday
configure:3881: gcc -o conftest -O2 -Wall   conftest.c -lncurses -lm  >&5
configure:3881: $? = 0
configure:3881: result: yes
configure:3881: checking for memmove
configure:3881: gcc -o conftest -O2 -Wall   conftest.c -lncurses -lm  >&5
conftest.c:63:6: warning: conflicting types for built-in function 'memmove'
 char memmove ();
      ^
configure:3881: $? = 0
configure:3881: result: yes
configure:3881: checking for memset
configure:3881: gcc -o conftest -O2 -Wall   conftest.c -lncurses -lm  >&5
conftest.c:64:6: warning: conflicting types for built-in function 'memset'
 char memset ();
      ^
configure:3881: $? = 0
configure:3881: result: yes
configure:3881: checking for strdup
configure:3881: gcc -o conftest -O2 -Wall   conftest.c -lncurses -lm  >&5
conftest.c:65:6: warning: conflicting types for built-in function 'strdup'
 char strdup ();
      ^
configure:3881: $? = 0
configure:3881: result: yes
configure:3881: checking for strchr
configure:3881: gcc -o conftest -O2 -Wall   conftest.c -lncurses -lm  >&5
conftest.c:66:6: warning: conflicting types for built-in function 'strchr'
 char strchr ();
      ^
configure:3881: $? = 0
configure:3881: result: yes
configure:3881: checking for strspn
configure:3881: gcc -o conftest -O2 -Wall   conftest.c -lncurses -lm  >&5
conftest.c:67:6: warning: conflicting types for built-in function 'strspn'
 char strspn ();
      ^
configure:3881: $? = 0
configure:3881: result: yes
configure:3881: checking for strcspn
configure:3881: gcc -o conftest -O2 -Wall   conftest.c -lncurses -lm  >&5
conftest.c:68:6: warning: conflicting types for built-in function 'strcspn'
 char strcspn ();
      ^
configure:3881: $? = 0
configure:3881: result: yes
configure:3881: checking for strcasecmp
configure:3881: gcc -o conftest -O2 -Wall   conftest.c -lncurses -lm  >&5
conftest.c:69:6: warning: conflicting types for built-in function 'strcasecmp'
 char strcasecmp ();
      ^
configure:3881: $? = 0
configure:3881: result: yes
configure:3881: checking for strncasecmp
configure:3881: gcc -o conftest -O2 -Wall   conftest.c -lncurses -lm  >&5
conftest.c:70:6: warning: conflicting types for built-in function 'strncasecmp'
 char strncasecmp ();
      ^
configure:3881: $? = 0
configure:3881: result: yes
configure:3881: checking for strtol
configure:3881: gcc -o conftest -O2 -Wall   conftest.c -lncurses -lm  >&5
configure:3881: $? = 0
configure:3881: result: yes
configure:3881: checking for ether_ntohost
configure:3881: gcc -o conftest -O2 -Wall   conftest.c -lncurses -lm  >&5
configure:3881: $? = 0
configure:3881: result: yes
configure:3895: checking whether gcc needs -traditional
configure:3929: result: no
configure:3936: checking for an ANSI C-conforming const
configure:4001: gcc -c -O2 -Wall  conftest.c >&5
conftest.c: In function 'main':
conftest.c:79:7: warning: 't' is used uninitialized in this function [-Wuninitialized]
     *t++ = 0;
       ^
conftest.c:101:13: warning: 'cs[0]' is used uninitialized in this function [-Wuninitialized]
   return !cs[0] && !zero.x;
             ^
configure:4001: $? = 0
configure:4008: result: yes
configure:4016: checking for inline
configure:4032: gcc -c -O2 -Wall  conftest.c >&5
configure:4032: $? = 0
configure:4040: result: inline
configure:4209: creating ./config.status

## ---------------------- ##
## Running config.status. ##
## ---------------------- ##

This file was extended by wavemon config.status 0.7.5, which was
generated by GNU Autoconf 2.68.  Invocation command line was

  CONFIG_FILES    = 
  CONFIG_HEADERS  = 
  CONFIG_LINKS    = 
  CONFIG_COMMANDS = 
  $ ./config.status 

on devuan

config.status:753: creating Makefile

## ---------------- ##
## Cache variables. ##
## ---------------- ##

ac_cv_build=x86_64-unknown-linux-gnu
ac_cv_c_compiler_gnu=yes
ac_cv_c_const=yes
ac_cv_c_inline=inline
ac_cv_env_CC_set=
ac_cv_env_CC_value=
ac_cv_env_CFLAGS_set=
ac_cv_env_CFLAGS_value=
ac_cv_env_CPPFLAGS_set=
ac_cv_env_CPPFLAGS_value=
ac_cv_env_CPP_set=
ac_cv_env_CPP_value=
ac_cv_env_LDFLAGS_set=
ac_cv_env_LDFLAGS_value=
ac_cv_env_LIBS_set=
ac_cv_env_LIBS_value=
ac_cv_env_build_alias_set=
ac_cv_env_build_alias_value=
ac_cv_env_host_alias_set=
ac_cv_env_host_alias_value=
ac_cv_env_target_alias_set=
ac_cv_env_target_alias_value=
ac_cv_func_ether_ntohost=yes
ac_cv_func_gettimeofday=yes
ac_cv_func_log10=yes
ac_cv_func_memmove=yes
ac_cv_func_memset=yes
ac_cv_func_modf=yes
ac_cv_func_strcasecmp=yes
ac_cv_func_strchr=yes
ac_cv_func_strcspn=yes
ac_cv_func_strdup=yes
ac_cv_func_strncasecmp=yes
ac_cv_func_strspn=yes
ac_cv_func_strtol=yes
ac_cv_header_fcntl_h=yes
ac_cv_header_inttypes_h=yes
ac_cv_header_linux_if_h=yes
ac_cv_header_linux_wireless_h=yes
ac_cv_header_memory_h=yes
ac_cv_header_ncurses_h=yes
ac_cv_header_net_ethernet_h=yes
ac_cv_header_net_if_arp_h=yes
ac_cv_header_netdb_h=yes
ac_cv_header_netinet_ether_h=yes
ac_cv_header_stdbool_h=yes
ac_cv_header_stdc=yes
ac_cv_header_stdint_h=yes
ac_cv_header_stdlib_h=yes
ac_cv_header_string_h=yes
ac_cv_header_strings_h=yes
ac_cv_header_sys_ioctl_h=yes
ac_cv_header_sys_socket_h=yes
ac_cv_header_sys_stat_h=yes
ac_cv_header_sys_time_h=yes
ac_cv_header_sys_types_h=yes
ac_cv_header_time=yes
ac_cv_header_unistd_h=yes
ac_cv_host=x86_64-unknown-linux-gnu
ac_cv_lib_cap_cap_get_flag=no
ac_cv_lib_m_pow=yes
ac_cv_lib_ncurses_waddstr=yes
ac_cv_objext=o
ac_cv_path_EGREP='/bin/grep -E'
ac_cv_path_GREP=/bin/grep
ac_cv_path_install='/usr/bin/install -c'
ac_cv_prog_CPP='gcc -E'
ac_cv_prog_ac_ct_CC=gcc
ac_cv_prog_cc_c89=
ac_cv_prog_cc_g=yes
ac_cv_prog_gcc_traditional=no
ac_cv_type__Bool=yes

## ----------------- ##
## Output variables. ##
## ----------------- ##

CC='gcc'
CFLAGS='-O2 -Wall'
CPP='gcc -E'
CPPFLAGS=''
DEFS='-DPACKAGE_NAME=\"wavemon\" -DPACKAGE_TARNAME=\"wavemon-current\" -DPACKAGE_VERSION=\"0.7.5\" -DPACKAGE_STRING=\"wavemon\ 0.7.5\" -DPACKAGE_BUGREPORT=\"gerrit@erg.abdn.ac.uk\" -DPACKAGE_URL=\"http://eden-feed.erg.abdn.ac.uk/wavemon\" -DBUILD_DATE=\"Sun\ Nov\ 18\ 00:51:05\ -03\ 2018\" -DSTDC_HEADERS=1 -DTIME_WITH_SYS_TIME=1 -DHAVE_SYS_TYPES_H=1 -DHAVE_SYS_STAT_H=1 -DHAVE_STDLIB_H=1 -DHAVE_STRING_H=1 -DHAVE_MEMORY_H=1 -DHAVE_STRINGS_H=1 -DHAVE_INTTYPES_H=1 -DHAVE_STDINT_H=1 -DHAVE_UNISTD_H=1 -DHAVE_NCURSES_H=1 -DHAVE_FCNTL_H=1 -DHAVE_NETDB_H=1 -DHAVE_SYS_IOCTL_H=1 -DHAVE_SYS_TIME_H=1 -DHAVE_UNISTD_H=1 -DHAVE_NET_IF_ARP_H=1 -DHAVE_NETINET_ETHER_H=1 -DHAVE_NET_ETHERNET_H=1 -DHAVE_SYS_SOCKET_H=1 -DHAVE_LINUX_IF_H=1 -DHAVE_LINUX_WIRELESS_H=1 -DHAVE__BOOL=1 -DHAVE_STDBOOL_H=1 -DHAVE_LIBM=1 -DHAVE_LIBNCURSES=1 -DHAVE_MODF=1 -DHAVE_LOG10=1 -DHAVE_GETTIMEOFDAY=1 -DHAVE_MEMMOVE=1 -DHAVE_MEMSET=1 -DHAVE_STRDUP=1 -DHAVE_STRCHR=1 -DHAVE_STRSPN=1 -DHAVE_STRCSPN=1 -DHAVE_STRCASECMP=1 -DHAVE_STRNCASECMP=1 -DHAVE_STRTOL=1 -DHAVE_ETHER_NTOHOST=1'
ECHO_C=''
ECHO_N='-n'
ECHO_T=''
EGREP='/bin/grep -E'
EXEEXT=''
GREP='/bin/grep'
INSTALL_DATA='${INSTALL} -m 644'
INSTALL_PROGRAM='${INSTALL}'
INSTALL_SCRIPT='${INSTALL}'
LDFLAGS=''
LIBOBJS=''
LIBS='-lncurses -lm '
LTLIBOBJS=''
OBJEXT='o'
PACKAGE_BUGREPORT='gerrit@erg.abdn.ac.uk'
PACKAGE_NAME='wavemon'
PACKAGE_STRING='wavemon 0.7.5'
PACKAGE_TARNAME='wavemon-current'
PACKAGE_URL='http://eden-feed.erg.abdn.ac.uk/wavemon'
PACKAGE_VERSION='0.7.5'
PATH_SEPARATOR=':'
SHELL='/bin/bash'
ac_ct_CC='gcc'
bindir='${exec_prefix}/bin'
build='x86_64-unknown-linux-gnu'
build_alias=''
build_cpu='x86_64'
build_os='linux-gnu'
build_vendor='unknown'
datadir='${datarootdir}'
datarootdir='${prefix}/share'
docdir='${datarootdir}/doc/${PACKAGE_TARNAME}'
dvidir='${docdir}'
exec_prefix='${prefix}'
host='x86_64-unknown-linux-gnu'
host_alias=''
host_cpu='x86_64'
host_os='linux-gnu'
host_vendor='unknown'
htmldir='${docdir}'
includedir='${prefix}/include'
infodir='${datarootdir}/info'
libdir='${exec_prefix}/lib'
libexecdir='${exec_prefix}/libexec'
localedir='${datarootdir}/locale'
localstatedir='${prefix}/var'
mandir='${datarootdir}/man'
oldincludedir='/usr/include'
pdfdir='${docdir}'
prefix='/usr/local'
program_transform_name='s,x,x,'
psdir='${docdir}'
sbindir='${exec_prefix}/sbin'
sharedstatedir='${prefix}/com'
sysconfdir='${prefix}/etc'
target_alias=''

## ----------- ##
## confdefs.h. ##
## ----------- ##

/* confdefs.h */
#define PACKAGE_NAME "wavemon"
#define PACKAGE_TARNAME "wavemon-current"
#define PACKAGE_VERSION "0.7.5"
#define PACKAGE_STRING "wavemon 0.7.5"
#define PACKAGE_BUGREPORT "gerrit@erg.abdn.ac.uk"
#define PACKAGE_URL "http://eden-feed.erg.abdn.ac.uk/wavemon"
#define BUILD_DATE "Sun Nov 18 00:51:05 -03 2018"
#define STDC_HEADERS 1
#define TIME_WITH_SYS_TIME 1
#define HAVE_SYS_TYPES_H 1
#define HAVE_SYS_STAT_H 1
#define HAVE_STDLIB_H 1
#define HAVE_STRING_H 1
#define HAVE_MEMORY_H 1
#define HAVE_STRINGS_H 1
#define HAVE_INTTYPES_H 1
#define HAVE_STDINT_H 1
#define HAVE_UNISTD_H 1
#define HAVE_NCURSES_H 1
#define HAVE_FCNTL_H 1
#define HAVE_NETDB_H 1
#define HAVE_SYS_IOCTL_H 1
#define HAVE_SYS_TIME_H 1
#define HAVE_UNISTD_H 1
#define HAVE_NET_IF_ARP_H 1
#define HAVE_NETINET_ETHER_H 1
#define HAVE_NET_ETHERNET_H 1
#define HAVE_SYS_SOCKET_H 1
#define HAVE_LINUX_IF_H 1
#define HAVE_LINUX_WIRELESS_H 1
#define HAVE__BOOL 1
#define HAVE_STDBOOL_H 1
#define HAVE_LIBM 1
#define HAVE_LIBNCURSES 1
#define HAVE_MODF 1
#define HAVE_LOG10 1
#define HAVE_GETTIMEOFDAY 1
#define HAVE_MEMMOVE 1
#define HAVE_MEMSET 1
#define HAVE_STRDUP 1
#define HAVE_STRCHR 1
#define HAVE_STRSPN 1
#define HAVE_STRCSPN 1
#define HAVE_STRCASECMP 1
#define HAVE_STRNCASECMP 1
#define HAVE_STRTOL 1
#define HAVE_ETHER_NTOHOST 1

configure: exit 0
